# JRE version: OpenJDK Runtime Environment (8.0_152) (build 1.8.0_152-release-1343-b16-5323222)
# Java VM: OpenJDK 64-Bit Server VM (25.152-b16-5323222 mixed mode linux-amd64 compressed oops)
Heap:
 PSYoungGen      total 819712K, used 0K [0x0000000780000000, 0x00000007c0000000, 0x00000007c0000000)
  eden space 590848K, 0% used [0x0000000780000000,0x0000000780000000,0x00000007a4100000)
  from space 228864K, 0% used [0x00000007a4100000,0x00000007a4100000,0x00000007b2080000)
  to   space 222208K, 0% used [0x00000007b2700000,0x00000007b2700000,0x00000007c0000000)
 ParOldGen       total 581120K, used 437931K [0x0000000700000000, 0x0000000723780000, 0x0000000780000000)
  object space 581120K, 75% used [0x0000000700000000,0x000000071abaafd8,0x0000000723780000)
 Metaspace       used 152970K, capacity 160718K, committed 160808K, reserved 1189888K
  class space    used 18724K, capacity 20222K, committed 20272K, reserved 1048576K
GC Heap History (10 events):
Event: 904.091 GC heap after
Heap after GC invocations=149 (full 10):
 PSYoungGen      total 910336K, used 33714K [0x0000000780000000, 0x00000007bf300000, 0x00000007c0000000)
  eden space 781824K, 0% used [0x0000000780000000,0x0000000780000000,0x00000007afb80000)
  from space 128512K, 26% used [0x00000007afb80000,0x00000007b1c6cb98,0x00000007b7900000)
  to   space 121344K, 0% used [0x00000007b7c80000,0x00000007b7c80000,0x00000007bf300000)
 ParOldGen       total 581120K, used 304369K [0x0000000700000000, 0x0000000723780000, 0x0000000780000000)
  object space 581120K, 52% used [0x0000000700000000,0x000000071293c638,0x0000000723780000)
 Metaspace       used 152792K, capacity 160438K, committed 160552K, reserved 1189888K
  class space    used 18704K, capacity 20187K, committed 20272K, reserved 1048576K
}
Event: 940.895 GC heap before
{Heap before GC invocations=150 (full 10):
 PSYoungGen      total 910336K, used 815538K [0x0000000780000000, 0x00000007bf300000, 0x00000007c0000000)
  eden space 781824K, 100% used [0x0000000780000000,0x00000007afb80000,0x00000007afb80000)
  from space 128512K, 26% used [0x00000007afb80000,0x00000007b1c6cb98,0x00000007b7900000)
  to   space 121344K, 0% used [0x00000007b7c80000,0x00000007b7c80000,0x00000007bf300000)
 ParOldGen       total 581120K, used 304369K [0x0000000700000000, 0x0000000723780000, 0x0000000780000000)
  object space 581120K, 52% used [0x0000000700000000,0x000000071293c638,0x0000000723780000)
 Metaspace       used 152924K, capacity 160660K, committed 160808K, reserved 1189888K
  class space    used 18724K, capacity 20224K, committed 20272K, reserved 1048576K
Event: 942.097 GC heap after
Heap after GC invocations=150 (full 10):
 PSYoungGen      total 856576K, used 121320K [0x0000000780000000, 0x00000007c0000000, 0x00000007c0000000)
  eden space 735232K, 0% used [0x0000000780000000,0x0000000780000000,0x00000007ace00000)
  from space 121344K, 99% used [0x00000007b7c80000,0x00000007bf2fa050,0x00000007bf300000)
  to   space 156672K, 0% used [0x00000007ace00000,0x00000007ace00000,0x00000007b6700000)
 ParOldGen       total 581120K, used 330353K [0x0000000700000000, 0x0000000723780000, 0x0000000780000000)
  object space 581120K, 56% used [0x0000000700000000,0x000000071429c490,0x0000000723780000)
 Metaspace       used 152924K, capacity 160660K, committed 160808K, reserved 1189888K
  class space    used 18724K, capacity 20224K, committed 20272K, reserved 1048576K
}
Event: 946.433 GC heap before
{Heap before GC invocations=151 (full 10):
 PSYoungGen      total 856576K, used 856552K [0x0000000780000000, 0x00000007c0000000, 0x00000007c0000000)
  eden space 735232K, 100% used [0x0000000780000000,0x00000007ace00000,0x00000007ace00000)
  from space 121344K, 99% used [0x00000007b7c80000,0x00000007bf2fa050,0x00000007bf300000)
  to   space 156672K, 0% used [0x00000007ace00000,0x00000007ace00000,0x00000007b6700000)
 ParOldGen       total 581120K, used 330353K [0x0000000700000000, 0x0000000723780000, 0x0000000780000000)
  object space 581120K, 56% used [0x0000000700000000,0x000000071429c490,0x0000000723780000)
 Metaspace       used 152949K, capacity 160724K, committed 160808K, reserved 1189888K
  class space    used 18724K, capacity 20224K, committed 20272K, reserved 1048576K
Event: 946.972 GC heap after
Heap after GC invocations=151 (full 10):
 PSYoungGen      total 835584K, used 99948K [0x0000000780000000, 0x00000007c0000000, 0x00000007c0000000)
  eden space 735232K, 0% used [0x0000000780000000,0x0000000780000000,0x00000007ace00000)
  from space 100352K, 99% used [0x00000007ace00000,0x00000007b2f9b280,0x00000007b3000000)
  to   space 167424K, 0% used [0x00000007b5c80000,0x00000007b5c80000,0x00000007c0000000)
 ParOldGen       total 581120K, used 357924K [0x0000000700000000, 0x0000000723780000, 0x0000000780000000)
  object space 581120K, 61% used [0x0000000700000000,0x0000000715d89248,0x0000000723780000)
 Metaspace       used 152949K, capacity 160724K, committed 160808K, reserved 1189888K
  class space    used 18724K, capacity 20224K, committed 20272K, reserved 1048576K
}
Event: 954.261 GC heap before
{Heap before GC invocations=152 (full 10):
 PSYoungGen      total 835584K, used 835180K [0x0000000780000000, 0x00000007c0000000, 0x00000007c0000000)
  eden space 735232K, 100% used [0x0000000780000000,0x00000007ace00000,0x00000007ace00000)
  from space 100352K, 99% used [0x00000007ace00000,0x00000007b2f9b280,0x00000007b3000000)
  to   space 167424K, 0% used [0x00000007b5c80000,0x00000007b5c80000,0x00000007c0000000)
 ParOldGen       total 581120K, used 357924K [0x0000000700000000, 0x0000000723780000, 0x0000000780000000)
  object space 581120K, 61% used [0x0000000700000000,0x0000000715d89248,0x0000000723780000)
 Metaspace       used 152970K, capacity 160724K, committed 160808K, reserved 1189888K
  class space    used 18724K, capacity 20224K, committed 20272K, reserved 1048576K
Event: 954.857 GC heap after
Heap after GC invocations=152 (full 10):
 PSYoungGen      total 758272K, used 167408K [0x0000000780000000, 0x00000007c0000000, 0x00000007c0000000)
  eden space 590848K, 0% used [0x0000000780000000,0x0000000780000000,0x00000007a4100000)
  from space 167424K, 99% used [0x00000007b5c80000,0x00000007bfffc2e8,0x00000007c0000000)
  to   space 228864K, 0% used [0x00000007a4100000,0x00000007a4100000,0x00000007b2080000)
 ParOldGen       total 581120K, used 434402K [0x0000000700000000, 0x0000000723780000, 0x0000000780000000)
  object space 581120K, 74% used [0x0000000700000000,0x000000071a838910,0x0000000723780000)
 Metaspace       used 152970K, capacity 160724K, committed 160808K, reserved 1189888K
  class space    used 18724K, capacity 20224K, committed 20272K, reserved 1048576K
}
Event: 957.950 GC heap before
{Heap before GC invocations=153 (full 10):
 PSYoungGen      total 758272K, used 758256K [0x0000000780000000, 0x00000007c0000000, 0x00000007c0000000)
  eden space 590848K, 100% used [0x0000000780000000,0x00000007a4100000,0x00000007a4100000)
  from space 167424K, 99% used [0x00000007b5c80000,0x00000007bfffc2e8,0x00000007c0000000)
  to   space 228864K, 0% used [0x00000007a4100000,0x00000007a4100000,0x00000007b2080000)
 ParOldGen       total 581120K, used 434402K [0x0000000700000000, 0x0000000723780000, 0x0000000780000000)
  object space 581120K, 74% used [0x0000000700000000,0x000000071a838910,0x0000000723780000)
 Metaspace       used 152973K, capacity 160724K, committed 160808K, reserved 1189888K
  class space    used 18724K, capacity 20224K, committed 20272K, reserved 1048576K
Event: 958.243 GC heap after
Heap after GC invocations=153 (full 10):
 PSYoungGen      total 819712K, used 90765K [0x0000000780000000, 0x00000007c0000000, 0x00000007c0000000)
  eden space 590848K, 0% used [0x0000000780000000,0x0000000780000000,0x00000007a4100000)
  from space 228864K, 39% used [0x00000007a4100000,0x00000007a99a3548,0x00000007b2080000)
  to   space 222208K, 0% used [0x00000007b2700000,0x00000007b2700000,0x00000007c0000000)
 ParOldGen       total 581120K, used 563880K [0x0000000700000000, 0x0000000723780000, 0x0000000780000000)
  object space 581120K, 97% used [0x0000000700000000,0x00000007226aa260,0x0000000723780000)
 Metaspace       used 152973K, capacity 160724K, committed 160808K, reserved 1189888K
  class space    used 18724K, capacity 20224K, committed 20272K, reserved 1048576K
}
Event: 958.243 GC heap before
{Heap before GC invocations=154 (full 11):
 PSYoungGen      total 819712K, used 90765K [0x0000000780000000, 0x00000007c0000000, 0x00000007c0000000)
  eden space 590848K, 0% used [0x0000000780000000,0x0000000780000000,0x00000007a4100000)
  from space 228864K, 39% used [0x00000007a4100000,0x00000007a99a3548,0x00000007b2080000)
  to   space 222208K, 0% used [0x00000007b2700000,0x00000007b2700000,0x00000007c0000000)
 ParOldGen       total 581120K, used 563880K [0x0000000700000000, 0x0000000723780000, 0x0000000780000000)
  object space 581120K, 97% used [0x0000000700000000,0x00000007226aa260,0x0000000723780000)
 Metaspace       used 152973K, capacity 160724K, committed 160808K, reserved 1189888K
  class space    used 18724K, capacity 20224K, committed 20272K, reserved 1048576K

