# JRE version: OpenJDK Runtime Environment (8.0_152) (build 1.8.0_152-release-1343-b16-5323222)
# Java VM: OpenJDK 64-Bit Server VM (25.152-b16-5323222 mixed mode linux-amd64 compressed oops)
Heap:
 PSYoungGen      total 472576K, used 0K [0x00000000d5580000, 0x0000000100000000, 0x0000000100000000)
  eden space 339456K, 0% used [0x00000000d5580000,0x00000000d5580000,0x00000000ea100000)
  from space 133120K, 0% used [0x00000000f7e00000,0x00000000f7e00000,0x0000000100000000)
  to   space 179712K, 0% used [0x00000000ea100000,0x00000000ea100000,0x00000000f5080000)
 ParOldGen       total 628736K, used 476933K [0x0000000080000000, 0x00000000a6600000, 0x00000000d5580000)
  object space 628736K, 75% used [0x0000000080000000,0x000000009d1c14f0,0x00000000a6600000)
 Metaspace       used 200346K, capacity 209723K, committed 210224K, reserved 1232896K
  class space    used 24249K, capacity 25970K, committed 26160K, reserved 1048576K
GC Heap History (10 events):
Event: 15453.903 GC heap after
Heap after GC invocations=264 (full 18):
 PSYoungGen      total 547840K, used 90616K [0x00000000d5580000, 0x0000000100000000, 0x0000000100000000)
  eden space 457216K, 0% used [0x00000000d5580000,0x00000000d5580000,0x00000000f1400000)
  from space 90624K, 99% used [0x00000000fa780000,0x00000000ffffe360,0x0000000100000000)
  to   space 120832K, 0% used [0x00000000f1400000,0x00000000f1400000,0x00000000f8a00000)
 ParOldGen       total 628736K, used 312902K [0x0000000080000000, 0x00000000a6600000, 0x00000000d5580000)
  object space 628736K, 49% used [0x0000000080000000,0x0000000093191b58,0x00000000a6600000)
 Metaspace       used 200320K, capacity 209635K, committed 210224K, reserved 1232896K
  class space    used 24246K, capacity 25966K, committed 26160K, reserved 1048576K
}
Event: 15456.211 GC heap before
{Heap before GC invocations=265 (full 18):
 PSYoungGen      total 547840K, used 547832K [0x00000000d5580000, 0x0000000100000000, 0x0000000100000000)
  eden space 457216K, 100% used [0x00000000d5580000,0x00000000f1400000,0x00000000f1400000)
  from space 90624K, 99% used [0x00000000fa780000,0x00000000ffffe360,0x0000000100000000)
  to   space 120832K, 0% used [0x00000000f1400000,0x00000000f1400000,0x00000000f8a00000)
 ParOldGen       total 628736K, used 312902K [0x0000000080000000, 0x00000000a6600000, 0x00000000d5580000)
  object space 628736K, 49% used [0x0000000080000000,0x0000000093191b58,0x00000000a6600000)
 Metaspace       used 200320K, capacity 209635K, committed 210224K, reserved 1232896K
  class space    used 24246K, capacity 25966K, committed 26160K, reserved 1048576K
Event: 15456.316 GC heap after
Heap after GC invocations=265 (full 18):
 PSYoungGen      total 535040K, used 77750K [0x00000000d5580000, 0x0000000100000000, 0x0000000100000000)
  eden space 457216K, 0% used [0x00000000d5580000,0x00000000d5580000,0x00000000f1400000)
  from space 77824K, 99% used [0x00000000f1400000,0x00000000f5fedb58,0x00000000f6000000)
  to   space 128000K, 0% used [0x00000000f8300000,0x00000000f8300000,0x0000000100000000)
 ParOldGen       total 628736K, used 333029K [0x0000000080000000, 0x00000000a6600000, 0x00000000d5580000)
  object space 628736K, 52% used [0x0000000080000000,0x00000000945394a8,0x00000000a6600000)
 Metaspace       used 200320K, capacity 209635K, committed 210224K, reserved 1232896K
  class space    used 24246K, capacity 25966K, committed 26160K, reserved 1048576K
}
Event: 15459.352 GC heap before
{Heap before GC invocations=266 (full 18):
 PSYoungGen      total 535040K, used 534966K [0x00000000d5580000, 0x0000000100000000, 0x0000000100000000)
  eden space 457216K, 100% used [0x00000000d5580000,0x00000000f1400000,0x00000000f1400000)
  from space 77824K, 99% used [0x00000000f1400000,0x00000000f5fedb58,0x00000000f6000000)
  to   space 128000K, 0% used [0x00000000f8300000,0x00000000f8300000,0x0000000100000000)
 ParOldGen       total 628736K, used 333029K [0x0000000080000000, 0x00000000a6600000, 0x00000000d5580000)
  object space 628736K, 52% used [0x0000000080000000,0x00000000945394a8,0x00000000a6600000)
 Metaspace       used 200343K, capacity 209723K, committed 210224K, reserved 1232896K
  class space    used 24249K, capacity 25970K, committed 26160K, reserved 1048576K
Event: 15459.501 GC heap after
Heap after GC invocations=266 (full 18):
 PSYoungGen      total 560640K, used 77657K [0x00000000d5580000, 0x0000000100000000, 0x0000000100000000)
  eden space 432640K, 0% used [0x00000000d5580000,0x00000000d5580000,0x00000000efc00000)
  from space 128000K, 60% used [0x00000000f8300000,0x00000000fced6550,0x0000000100000000)
  to   space 133120K, 0% used [0x00000000efc00000,0x00000000efc00000,0x00000000f7e00000)
 ParOldGen       total 628736K, used 383659K [0x0000000080000000, 0x00000000a6600000, 0x00000000d5580000)
  object space 628736K, 61% used [0x0000000080000000,0x00000000976aad60,0x00000000a6600000)
 Metaspace       used 200343K, capacity 209723K, committed 210224K, reserved 1232896K
  class space    used 24249K, capacity 25970K, committed 26160K, reserved 1048576K
}
Event: 15462.198 GC heap before
{Heap before GC invocations=267 (full 18):
 PSYoungGen      total 560640K, used 510297K [0x00000000d5580000, 0x0000000100000000, 0x0000000100000000)
  eden space 432640K, 100% used [0x00000000d5580000,0x00000000efc00000,0x00000000efc00000)
  from space 128000K, 60% used [0x00000000f8300000,0x00000000fced6550,0x0000000100000000)
  to   space 133120K, 0% used [0x00000000efc00000,0x00000000efc00000,0x00000000f7e00000)
 ParOldGen       total 628736K, used 383659K [0x0000000080000000, 0x00000000a6600000, 0x00000000d5580000)
  object space 628736K, 61% used [0x0000000080000000,0x00000000976aad60,0x00000000a6600000)
 Metaspace       used 200345K, capacity 209723K, committed 210224K, reserved 1232896K
  class space    used 24249K, capacity 25970K, committed 26160K, reserved 1048576K
Event: 15462.480 GC heap after
Heap after GC invocations=267 (full 18):
 PSYoungGen      total 565760K, used 133116K [0x00000000d5580000, 0x0000000100000000, 0x0000000100000000)
  eden space 432640K, 0% used [0x00000000d5580000,0x00000000d5580000,0x00000000efc00000)
  from space 133120K, 99% used [0x00000000efc00000,0x00000000f7dff238,0x00000000f7e00000)
  to   space 133120K, 0% used [0x00000000f7e00000,0x00000000f7e00000,0x0000000100000000)
 ParOldGen       total 628736K, used 479584K [0x0000000080000000, 0x00000000a6600000, 0x00000000d5580000)
  object space 628736K, 76% used [0x0000000080000000,0x000000009d458010,0x00000000a6600000)
 Metaspace       used 200345K, capacity 209723K, committed 210224K, reserved 1232896K
  class space    used 24249K, capacity 25970K, committed 26160K, reserved 1048576K
}
Event: 15463.939 GC heap before
{Heap before GC invocations=268 (full 18):
 PSYoungGen      total 565760K, used 565756K [0x00000000d5580000, 0x0000000100000000, 0x0000000100000000)
  eden space 432640K, 100% used [0x00000000d5580000,0x00000000efc00000,0x00000000efc00000)
  from space 133120K, 99% used [0x00000000efc00000,0x00000000f7dff238,0x00000000f7e00000)
  to   space 133120K, 0% used [0x00000000f7e00000,0x00000000f7e00000,0x0000000100000000)
 ParOldGen       total 628736K, used 479584K [0x0000000080000000, 0x00000000a6600000, 0x00000000d5580000)
  object space 628736K, 76% used [0x0000000080000000,0x000000009d458010,0x00000000a6600000)
 Metaspace       used 200346K, capacity 209723K, committed 210224K, reserved 1232896K
  class space    used 24249K, capacity 25970K, committed 26160K, reserved 1048576K
Event: 15464.132 GC heap after
Heap after GC invocations=268 (full 18):
 PSYoungGen      total 472576K, used 61524K [0x00000000d5580000, 0x0000000100000000, 0x0000000100000000)
  eden space 339456K, 0% used [0x00000000d5580000,0x00000000d5580000,0x00000000ea100000)
  from space 133120K, 46% used [0x00000000f7e00000,0x00000000fba150e0,0x0000000100000000)
  to   space 179712K, 0% used [0x00000000ea100000,0x00000000ea100000,0x00000000f5080000)
 ParOldGen       total 628736K, used 597054K [0x0000000080000000, 0x00000000a6600000, 0x00000000d5580000)
  object space 628736K, 94% used [0x0000000080000000,0x00000000a470f9c8,0x00000000a6600000)
 Metaspace       used 200346K, capacity 209723K, committed 210224K, reserved 1232896K
  class space    used 24249K, capacity 25970K, committed 26160K, reserved 1048576K
}
Event: 15464.132 GC heap before
{Heap before GC invocations=269 (full 19):
 PSYoungGen      total 472576K, used 61524K [0x00000000d5580000, 0x0000000100000000, 0x0000000100000000)
  eden space 339456K, 0% used [0x00000000d5580000,0x00000000d5580000,0x00000000ea100000)
  from space 133120K, 46% used [0x00000000f7e00000,0x00000000fba150e0,0x0000000100000000)
  to   space 179712K, 0% used [0x00000000ea100000,0x00000000ea100000,0x00000000f5080000)
 ParOldGen       total 628736K, used 597054K [0x0000000080000000, 0x00000000a6600000, 0x00000000d5580000)
  object space 628736K, 94% used [0x0000000080000000,0x00000000a470f9c8,0x00000000a6600000)
 Metaspace       used 200346K, capacity 209723K, committed 210224K, reserved 1232896K
  class space    used 24249K, capacity 25970K, committed 26160K, reserved 1048576K

