# JRE version: OpenJDK Runtime Environment (8.0_152) (build 1.8.0_152-release-1343-b16-5323222)
# Java VM: OpenJDK 64-Bit Server VM (25.152-b16-5323222 mixed mode linux-amd64 compressed oops)
Heap:
 PSYoungGen      total 542720K, used 0K [0x00000000d5580000, 0x0000000100000000, 0x0000000100000000)
  eden space 403456K, 0% used [0x00000000d5580000,0x00000000d5580000,0x00000000edf80000)
  from space 139264K, 0% used [0x00000000f6f80000,0x00000000f6f80000,0x00000000ff780000)
  to   space 147456K, 0% used [0x00000000edf80000,0x00000000edf80000,0x00000000f6f80000)
 ParOldGen       total 414208K, used 337501K [0x0000000080000000, 0x0000000099480000, 0x00000000d5580000)
  object space 414208K, 81% used [0x0000000080000000,0x0000000094997708,0x0000000099480000)
 Metaspace       used 94873K, capacity 97560K, committed 98176K, reserved 1136640K
  class space    used 10724K, capacity 11301K, committed 11392K, reserved 1048576K
GC Heap History (10 events):
Event: 9702.517 GC heap after
Heap after GC invocations=52 (full 12):
 PSYoungGen      total 550400K, used 80781K [0x00000000d5580000, 0x00000000ff980000, 0x0000000100000000)
  eden space 414720K, 0% used [0x00000000d5580000,0x00000000d5580000,0x00000000eea80000)
  from space 135680K, 59% used [0x00000000f7500000,0x00000000fc3e3498,0x00000000ff980000)
  to   space 138752K, 0% used [0x00000000eea80000,0x00000000eea80000,0x00000000f7200000)
 ParOldGen       total 414208K, used 88478K [0x0000000080000000, 0x0000000099480000, 0x00000000d5580000)
  object space 414208K, 21% used [0x0000000080000000,0x0000000085667b48,0x0000000099480000)
 Metaspace       used 89442K, capacity 91972K, committed 96256K, reserved 1134592K
  class space    used 10099K, capacity 10689K, committed 11264K, reserved 1048576K
}
Event: 9706.558 GC heap before
{Heap before GC invocations=53 (full 12):
 PSYoungGen      total 550400K, used 495501K [0x00000000d5580000, 0x00000000ff980000, 0x0000000100000000)
  eden space 414720K, 100% used [0x00000000d5580000,0x00000000eea80000,0x00000000eea80000)
  from space 135680K, 59% used [0x00000000f7500000,0x00000000fc3e3498,0x00000000ff980000)
  to   space 138752K, 0% used [0x00000000eea80000,0x00000000eea80000,0x00000000f7200000)
 ParOldGen       total 414208K, used 88478K [0x0000000080000000, 0x0000000099480000, 0x00000000d5580000)
  object space 414208K, 21% used [0x0000000080000000,0x0000000085667b48,0x0000000099480000)
 Metaspace       used 90793K, capacity 93486K, committed 96256K, reserved 1134592K
  class space    used 10219K, capacity 10834K, committed 11264K, reserved 1048576K
Event: 9707.633 GC heap after
Heap after GC invocations=53 (full 12):
 PSYoungGen      total 522240K, used 107086K [0x00000000d5580000, 0x0000000100000000, 0x0000000100000000)
  eden space 414720K, 0% used [0x00000000d5580000,0x00000000d5580000,0x00000000eea80000)
  from space 107520K, 99% used [0x00000000eea80000,0x00000000f5313b60,0x00000000f5380000)
  to   space 145920K, 0% used [0x00000000f7180000,0x00000000f7180000,0x0000000100000000)
 ParOldGen       total 414208K, used 110701K [0x0000000080000000, 0x0000000099480000, 0x00000000d5580000)
  object space 414208K, 26% used [0x0000000080000000,0x0000000086c1b5f0,0x0000000099480000)
 Metaspace       used 90793K, capacity 93486K, committed 96256K, reserved 1134592K
  class space    used 10219K, capacity 10834K, committed 11264K, reserved 1048576K
}
Event: 9708.902 GC heap before
{Heap before GC invocations=54 (full 12):
 PSYoungGen      total 522240K, used 521806K [0x00000000d5580000, 0x0000000100000000, 0x0000000100000000)
  eden space 414720K, 100% used [0x00000000d5580000,0x00000000eea80000,0x00000000eea80000)
  from space 107520K, 99% used [0x00000000eea80000,0x00000000f5313b60,0x00000000f5380000)
  to   space 145920K, 0% used [0x00000000f7180000,0x00000000f7180000,0x0000000100000000)
 ParOldGen       total 414208K, used 110701K [0x0000000080000000, 0x0000000099480000, 0x00000000d5580000)
  object space 414208K, 26% used [0x0000000080000000,0x0000000086c1b5f0,0x0000000099480000)
 Metaspace       used 90876K, capacity 93550K, committed 96256K, reserved 1134592K
  class space    used 10227K, capacity 10834K, committed 11264K, reserved 1048576K
Event: 9709.197 GC heap after
Heap after GC invocations=54 (full 12):
 PSYoungGen      total 557568K, used 57758K [0x00000000d5580000, 0x0000000100000000, 0x0000000100000000)
  eden space 411648K, 0% used [0x00000000d5580000,0x00000000d5580000,0x00000000ee780000)
  from space 145920K, 39% used [0x00000000f7180000,0x00000000fa9e7ac0,0x0000000100000000)
  to   space 141312K, 0% used [0x00000000ee780000,0x00000000ee780000,0x00000000f7180000)
 ParOldGen       total 414208K, used 214019K [0x0000000080000000, 0x0000000099480000, 0x00000000d5580000)
  object space 414208K, 51% used [0x0000000080000000,0x000000008d100e60,0x0000000099480000)
 Metaspace       used 90876K, capacity 93550K, committed 96256K, reserved 1134592K
  class space    used 10227K, capacity 10834K, committed 11264K, reserved 1048576K
}
Event: 9709.636 GC heap before
{Heap before GC invocations=55 (full 12):
 PSYoungGen      total 557568K, used 469406K [0x00000000d5580000, 0x0000000100000000, 0x0000000100000000)
  eden space 411648K, 100% used [0x00000000d5580000,0x00000000ee780000,0x00000000ee780000)
  from space 145920K, 39% used [0x00000000f7180000,0x00000000fa9e7ac0,0x0000000100000000)
  to   space 141312K, 0% used [0x00000000ee780000,0x00000000ee780000,0x00000000f7180000)
 ParOldGen       total 414208K, used 214019K [0x0000000080000000, 0x0000000099480000, 0x00000000d5580000)
  object space 414208K, 51% used [0x0000000080000000,0x000000008d100e60,0x0000000099480000)
 Metaspace       used 90877K, capacity 93550K, committed 96256K, reserved 1134592K
  class space    used 10227K, capacity 10834K, committed 11264K, reserved 1048576K
Event: 9709.966 GC heap after
Heap after GC invocations=55 (full 12):
 PSYoungGen      total 455168K, used 43456K [0x00000000d5580000, 0x00000000ff780000, 0x0000000100000000)
  eden space 411648K, 0% used [0x00000000d5580000,0x00000000d5580000,0x00000000ee780000)
  from space 43520K, 99% used [0x00000000ee780000,0x00000000f11f0010,0x00000000f1200000)
  to   space 139264K, 0% used [0x00000000f6f80000,0x00000000f6f80000,0x00000000ff780000)
 ParOldGen       total 414208K, used 271378K [0x0000000080000000, 0x0000000099480000, 0x00000000d5580000)
  object space 414208K, 65% used [0x0000000080000000,0x0000000090904b60,0x0000000099480000)
 Metaspace       used 90877K, capacity 93550K, committed 96256K, reserved 1134592K
  class space    used 10227K, capacity 10834K, committed 11264K, reserved 1048576K
}
Event: 9712.697 GC heap before
{Heap before GC invocations=56 (full 12):
 PSYoungGen      total 455168K, used 455104K [0x00000000d5580000, 0x00000000ff780000, 0x0000000100000000)
  eden space 411648K, 100% used [0x00000000d5580000,0x00000000ee780000,0x00000000ee780000)
  from space 43520K, 99% used [0x00000000ee780000,0x00000000f11f0010,0x00000000f1200000)
  to   space 139264K, 0% used [0x00000000f6f80000,0x00000000f6f80000,0x00000000ff780000)
 ParOldGen       total 414208K, used 271378K [0x0000000080000000, 0x0000000099480000, 0x00000000d5580000)
  object space 414208K, 65% used [0x0000000080000000,0x0000000090904b60,0x0000000099480000)
 Metaspace       used 95236K, capacity 97970K, committed 98176K, reserved 1136640K
  class space    used 10766K, capacity 11374K, committed 11392K, reserved 1048576K
Event: 9713.626 GC heap after
Heap after GC invocations=56 (full 12):
 PSYoungGen      total 542720K, used 110473K [0x00000000d5580000, 0x0000000100000000, 0x0000000100000000)
  eden space 403456K, 0% used [0x00000000d5580000,0x00000000d5580000,0x00000000edf80000)
  from space 139264K, 79% used [0x00000000f6f80000,0x00000000fdb624e8,0x00000000ff780000)
  to   space 147456K, 0% used [0x00000000edf80000,0x00000000edf80000,0x00000000f6f80000)
 ParOldGen       total 414208K, used 314882K [0x0000000080000000, 0x0000000099480000, 0x00000000d5580000)
  object space 414208K, 76% used [0x0000000080000000,0x0000000093380b70,0x0000000099480000)
 Metaspace       used 95236K, capacity 97970K, committed 98176K, reserved 1136640K
  class space    used 10766K, capacity 11374K, committed 11392K, reserved 1048576K
}
Event: 9713.627 GC heap before
{Heap before GC invocations=57 (full 13):
 PSYoungGen      total 542720K, used 110473K [0x00000000d5580000, 0x0000000100000000, 0x0000000100000000)
  eden space 403456K, 0% used [0x00000000d5580000,0x00000000d5580000,0x00000000edf80000)
  from space 139264K, 79% used [0x00000000f6f80000,0x00000000fdb624e8,0x00000000ff780000)
  to   space 147456K, 0% used [0x00000000edf80000,0x00000000edf80000,0x00000000f6f80000)
 ParOldGen       total 414208K, used 314882K [0x0000000080000000, 0x0000000099480000, 0x00000000d5580000)
  object space 414208K, 76% used [0x0000000080000000,0x0000000093380b70,0x0000000099480000)
 Metaspace       used 95236K, capacity 97970K, committed 98176K, reserved 1136640K
  class space    used 10766K, capacity 11374K, committed 11392K, reserved 1048576K

