# JRE version: OpenJDK Runtime Environment (8.0_152) (build 1.8.0_152-release-1343-b16-5323222)
# Java VM: OpenJDK 64-Bit Server VM (25.152-b16-5323222 mixed mode linux-amd64 compressed oops)
Heap:
 PSYoungGen      total 449536K, used 0K [0x0000000780000000, 0x00000007a0780000, 0x00000007c0000000)
  eden space 373248K, 0% used [0x0000000780000000,0x0000000780000000,0x0000000796c80000)
  from space 76288K, 0% used [0x000000079bd00000,0x000000079bd00000,0x00000007a0780000)
  to   space 79360K, 0% used [0x0000000796c80000,0x0000000796c80000,0x000000079ba00000)
 ParOldGen       total 159232K, used 141389K [0x0000000700000000, 0x0000000709b80000, 0x0000000780000000)
  object space 159232K, 88% used [0x0000000700000000,0x0000000708a13708,0x0000000709b80000)
 Metaspace       used 81383K, capacity 83720K, committed 84144K, reserved 1122304K
  class space    used 10804K, capacity 11402K, committed 11440K, reserved 1048576K
GC Heap History (10 events):
Event: 20.419 GC heap after
Heap after GC invocations=19 (full 3):
 PSYoungGen      total 307712K, used 38327K [0x0000000780000000, 0x0000000796480000, 0x00000007c0000000)
  eden space 264192K, 0% used [0x0000000780000000,0x0000000780000000,0x0000000790200000)
  from space 43520K, 88% used [0x0000000793100000,0x000000079566def0,0x0000000795b80000)
  to   space 48128K, 0% used [0x0000000790200000,0x0000000790200000,0x0000000793100000)
 ParOldGen       total 159232K, used 66784K [0x0000000700000000, 0x0000000709b80000, 0x0000000780000000)
  object space 159232K, 41% used [0x0000000700000000,0x0000000704138088,0x0000000709b80000)
 Metaspace       used 77344K, capacity 79672K, committed 80048K, reserved 1118208K
  class space    used 10457K, capacity 11078K, committed 11184K, reserved 1048576K
}
Event: 21.490 GC heap before
{Heap before GC invocations=20 (full 3):
 PSYoungGen      total 307712K, used 302519K [0x0000000780000000, 0x0000000796480000, 0x00000007c0000000)
  eden space 264192K, 100% used [0x0000000780000000,0x0000000790200000,0x0000000790200000)
  from space 43520K, 88% used [0x0000000793100000,0x000000079566def0,0x0000000795b80000)
  to   space 48128K, 0% used [0x0000000790200000,0x0000000790200000,0x0000000793100000)
 ParOldGen       total 159232K, used 66784K [0x0000000700000000, 0x0000000709b80000, 0x0000000780000000)
  object space 159232K, 41% used [0x0000000700000000,0x0000000704138088,0x0000000709b80000)
 Metaspace       used 77503K, capacity 79896K, committed 80304K, reserved 1118208K
  class space    used 10473K, capacity 11110K, committed 11184K, reserved 1048576K
Event: 21.604 GC heap after
Heap after GC invocations=20 (full 3):
 PSYoungGen      total 312320K, used 48111K [0x0000000780000000, 0x000000079b280000, 0x00000007c0000000)
  eden space 264192K, 0% used [0x0000000780000000,0x0000000780000000,0x0000000790200000)
  from space 48128K, 99% used [0x0000000790200000,0x00000007930fbfb8,0x0000000793100000)
  to   space 60928K, 0% used [0x0000000797700000,0x0000000797700000,0x000000079b280000)
 ParOldGen       total 159232K, used 80901K [0x0000000700000000, 0x0000000709b80000, 0x0000000780000000)
  object space 159232K, 50% used [0x0000000700000000,0x0000000704f017a0,0x0000000709b80000)
 Metaspace       used 77503K, capacity 79896K, committed 80304K, reserved 1118208K
  class space    used 10473K, capacity 11110K, committed 11184K, reserved 1048576K
}
Event: 23.930 GC heap before
{Heap before GC invocations=21 (full 3):
 PSYoungGen      total 312320K, used 312303K [0x0000000780000000, 0x000000079b280000, 0x00000007c0000000)
  eden space 264192K, 100% used [0x0000000780000000,0x0000000790200000,0x0000000790200000)
  from space 48128K, 99% used [0x0000000790200000,0x00000007930fbfb8,0x0000000793100000)
  to   space 60928K, 0% used [0x0000000797700000,0x0000000797700000,0x000000079b280000)
 ParOldGen       total 159232K, used 80901K [0x0000000700000000, 0x0000000709b80000, 0x0000000780000000)
  object space 159232K, 50% used [0x0000000700000000,0x0000000704f017a0,0x0000000709b80000)
 Metaspace       used 81155K, capacity 83464K, committed 83888K, reserved 1122304K
  class space    used 10803K, capacity 11402K, committed 11440K, reserved 1048576K
Event: 24.112 GC heap after
Heap after GC invocations=21 (full 3):
 PSYoungGen      total 367616K, used 60928K [0x0000000780000000, 0x000000079d580000, 0x00000007c0000000)
  eden space 306688K, 0% used [0x0000000780000000,0x0000000780000000,0x0000000792b80000)
  from space 60928K, 100% used [0x0000000797700000,0x000000079b280000,0x000000079b280000)
  to   space 77312K, 0% used [0x0000000792b80000,0x0000000792b80000,0x0000000797700000)
 ParOldGen       total 159232K, used 97792K [0x0000000700000000, 0x0000000709b80000, 0x0000000780000000)
  object space 159232K, 61% used [0x0000000700000000,0x0000000705f802e8,0x0000000709b80000)
 Metaspace       used 81155K, capacity 83464K, committed 83888K, reserved 1122304K
  class space    used 10803K, capacity 11402K, committed 11440K, reserved 1048576K
}
Event: 26.617 GC heap before
{Heap before GC invocations=22 (full 3):
 PSYoungGen      total 367616K, used 367616K [0x0000000780000000, 0x000000079d580000, 0x00000007c0000000)
  eden space 306688K, 100% used [0x0000000780000000,0x0000000792b80000,0x0000000792b80000)
  from space 60928K, 100% used [0x0000000797700000,0x000000079b280000,0x000000079b280000)
  to   space 77312K, 0% used [0x0000000792b80000,0x0000000792b80000,0x0000000797700000)
 ParOldGen       total 159232K, used 97923K [0x0000000700000000, 0x0000000709b80000, 0x0000000780000000)
  object space 159232K, 61% used [0x0000000700000000,0x0000000705fa0f38,0x0000000709b80000)
 Metaspace       used 81370K, capacity 83656K, committed 83888K, reserved 1122304K
  class space    used 10803K, capacity 11402K, committed 11440K, reserved 1048576K
Event: 26.725 GC heap after
Heap after GC invocations=22 (full 3):
 PSYoungGen      total 384000K, used 46809K [0x0000000780000000, 0x00000007a0a00000, 0x00000007c0000000)
  eden space 306688K, 0% used [0x0000000780000000,0x0000000780000000,0x0000000792b80000)
  from space 77312K, 60% used [0x0000000792b80000,0x0000000795936608,0x0000000797700000)
  to   space 78848K, 0% used [0x000000079bd00000,0x000000079bd00000,0x00000007a0a00000)
 ParOldGen       total 159232K, used 113852K [0x0000000700000000, 0x0000000709b80000, 0x0000000780000000)
  object space 159232K, 71% used [0x0000000700000000,0x0000000706f2f208,0x0000000709b80000)
 Metaspace       used 81370K, capacity 83656K, committed 83888K, reserved 1122304K
  class space    used 10803K, capacity 11402K, committed 11440K, reserved 1048576K
}
Event: 28.970 GC heap before
{Heap before GC invocations=23 (full 3):
 PSYoungGen      total 384000K, used 353497K [0x0000000780000000, 0x00000007a0a00000, 0x00000007c0000000)
  eden space 306688K, 100% used [0x0000000780000000,0x0000000792b80000,0x0000000792b80000)
  from space 77312K, 60% used [0x0000000792b80000,0x0000000795936608,0x0000000797700000)
  to   space 78848K, 0% used [0x000000079bd00000,0x000000079bd00000,0x00000007a0a00000)
 ParOldGen       total 159232K, used 113859K [0x0000000700000000, 0x0000000709b80000, 0x0000000780000000)
  object space 159232K, 71% used [0x0000000700000000,0x0000000706f30cf0,0x0000000709b80000)
 Metaspace       used 81383K, capacity 83720K, committed 84144K, reserved 1122304K
  class space    used 10804K, capacity 11402K, committed 11440K, reserved 1048576K
Event: 29.036 GC heap after
Heap after GC invocations=23 (full 3):
 PSYoungGen      total 449536K, used 1294K [0x0000000780000000, 0x00000007a0780000, 0x00000007c0000000)
  eden space 373248K, 0% used [0x0000000780000000,0x0000000780000000,0x0000000796c80000)
  from space 76288K, 1% used [0x000000079bd00000,0x000000079be438d0,0x00000007a0780000)
  to   space 79360K, 0% used [0x0000000796c80000,0x0000000796c80000,0x000000079ba00000)
 ParOldGen       total 159232K, used 157327K [0x0000000700000000, 0x0000000709b80000, 0x0000000780000000)
  object space 159232K, 98% used [0x0000000700000000,0x00000007099a3c58,0x0000000709b80000)
 Metaspace       used 81383K, capacity 83720K, committed 84144K, reserved 1122304K
  class space    used 10804K, capacity 11402K, committed 11440K, reserved 1048576K
}
Event: 29.036 GC heap before
{Heap before GC invocations=24 (full 4):
 PSYoungGen      total 449536K, used 1294K [0x0000000780000000, 0x00000007a0780000, 0x00000007c0000000)
  eden space 373248K, 0% used [0x0000000780000000,0x0000000780000000,0x0000000796c80000)
  from space 76288K, 1% used [0x000000079bd00000,0x000000079be438d0,0x00000007a0780000)
  to   space 79360K, 0% used [0x0000000796c80000,0x0000000796c80000,0x000000079ba00000)
 ParOldGen       total 159232K, used 157327K [0x0000000700000000, 0x0000000709b80000, 0x0000000780000000)
  object space 159232K, 98% used [0x0000000700000000,0x00000007099a3c58,0x0000000709b80000)
 Metaspace       used 81383K, capacity 83720K, committed 84144K, reserved 1122304K
  class space    used 10804K, capacity 11402K, committed 11440K, reserved 1048576K

