# JRE version: OpenJDK Runtime Environment (8.0_152) (build 1.8.0_152-release-1343-b16-5323222)
# Java VM: OpenJDK 64-Bit Server VM (25.152-b16-5323222 mixed mode linux-amd64 compressed oops)
Heap:
 PSYoungGen      total 455680K, used 57249K [0x0000000780000000, 0x00000007a0b00000, 0x00000007c0000000)
  eden space 391168K, 0% used [0x0000000780000000,0x0000000780000000,0x0000000797e00000)
  from space 64512K, 88% used [0x0000000797e00000,0x000000079b5e8688,0x000000079bd00000)
  to   space 54784K, 0% used [0x000000079bd00000,0x000000079bd00000,0x000000079f280000)
 ParOldGen       total 147968K, used 147246K [0x0000000700000000, 0x0000000709080000, 0x0000000780000000)
  object space 147968K, 99% used [0x0000000700000000,0x0000000708fcba08,0x0000000709080000)
 Metaspace       used 92802K, capacity 95570K, committed 95768K, reserved 1132544K
  class space    used 12039K, capacity 12725K, committed 12848K, reserved 1048576K
GC Heap History (10 events):
Event: 24.386 GC heap after
Heap after GC invocations=19 (full 3):
 PSYoungGen      total 334848K, used 13836K [0x0000000780000000, 0x0000000797100000, 0x00000007c0000000)
  eden space 304128K, 0% used [0x0000000780000000,0x0000000780000000,0x0000000792900000)
  from space 30720K, 45% used [0x0000000795300000,0x0000000796083000,0x0000000797100000)
  to   space 36864K, 0% used [0x0000000792900000,0x0000000792900000,0x0000000794d00000)
 ParOldGen       total 147968K, used 75999K [0x0000000700000000, 0x0000000709080000, 0x0000000780000000)
  object space 147968K, 51% used [0x0000000700000000,0x0000000704a37f70,0x0000000709080000)
 Metaspace       used 78944K, capacity 81386K, committed 81560K, reserved 1120256K
  class space    used 10487K, capacity 11123K, committed 11184K, reserved 1048576K
}
Event: 39.840 GC heap before
{Heap before GC invocations=20 (full 3):
 PSYoungGen      total 334848K, used 317964K [0x0000000780000000, 0x0000000797100000, 0x00000007c0000000)
  eden space 304128K, 100% used [0x0000000780000000,0x0000000792900000,0x0000000792900000)
  from space 30720K, 45% used [0x0000000795300000,0x0000000796083000,0x0000000797100000)
  to   space 36864K, 0% used [0x0000000792900000,0x0000000792900000,0x0000000794d00000)
 ParOldGen       total 147968K, used 75999K [0x0000000700000000, 0x0000000709080000, 0x0000000780000000)
  object space 147968K, 51% used [0x0000000700000000,0x0000000704a37f70,0x0000000709080000)
 Metaspace       used 87096K, capacity 89552K, committed 89624K, reserved 1126400K
  class space    used 11365K, capacity 12028K, committed 12080K, reserved 1048576K
Event: 39.933 GC heap after
Heap after GC invocations=20 (full 3):
 PSYoungGen      total 340992K, used 36832K [0x0000000780000000, 0x000000079ab80000, 0x00000007c0000000)
  eden space 304128K, 0% used [0x0000000780000000,0x0000000780000000,0x0000000792900000)
  from space 36864K, 99% used [0x0000000792900000,0x0000000794cf80d8,0x0000000794d00000)
  to   space 44544K, 0% used [0x0000000798000000,0x0000000798000000,0x000000079ab80000)
 ParOldGen       total 147968K, used 81344K [0x0000000700000000, 0x0000000709080000, 0x0000000780000000)
  object space 147968K, 54% used [0x0000000700000000,0x0000000704f701a8,0x0000000709080000)
 Metaspace       used 87096K, capacity 89552K, committed 89624K, reserved 1126400K
  class space    used 11365K, capacity 12028K, committed 12080K, reserved 1048576K
}
Event: 42.868 GC heap before
{Heap before GC invocations=21 (full 3):
 PSYoungGen      total 340992K, used 340960K [0x0000000780000000, 0x000000079ab80000, 0x00000007c0000000)
  eden space 304128K, 100% used [0x0000000780000000,0x0000000792900000,0x0000000792900000)
  from space 36864K, 99% used [0x0000000792900000,0x0000000794cf80d8,0x0000000794d00000)
  to   space 44544K, 0% used [0x0000000798000000,0x0000000798000000,0x000000079ab80000)
 ParOldGen       total 147968K, used 81344K [0x0000000700000000, 0x0000000709080000, 0x0000000780000000)
  object space 147968K, 54% used [0x0000000700000000,0x0000000704f701a8,0x0000000709080000)
 Metaspace       used 91335K, capacity 94102K, committed 94360K, reserved 1130496K
  class space    used 11923K, capacity 12625K, committed 12720K, reserved 1048576K
Event: 42.969 GC heap after
Heap after GC invocations=21 (full 3):
 PSYoungGen      total 382464K, used 44521K [0x0000000780000000, 0x000000079c380000, 0x00000007c0000000)
  eden space 337920K, 0% used [0x0000000780000000,0x0000000780000000,0x0000000794a00000)
  from space 44544K, 99% used [0x0000000798000000,0x000000079ab7a4a8,0x000000079ab80000)
  to   space 55296K, 0% used [0x0000000794a00000,0x0000000794a00000,0x0000000798000000)
 ParOldGen       total 147968K, used 90569K [0x0000000700000000, 0x0000000709080000, 0x0000000780000000)
  object space 147968K, 61% used [0x0000000700000000,0x0000000705872700,0x0000000709080000)
 Metaspace       used 91335K, capacity 94102K, committed 94360K, reserved 1130496K
  class space    used 11923K, capacity 12625K, committed 12720K, reserved 1048576K
}
Event: 44.535 GC heap before
{Heap before GC invocations=22 (full 3):
 PSYoungGen      total 382464K, used 382441K [0x0000000780000000, 0x000000079c380000, 0x00000007c0000000)
  eden space 337920K, 100% used [0x0000000780000000,0x0000000794a00000,0x0000000794a00000)
  from space 44544K, 99% used [0x0000000798000000,0x000000079ab7a4a8,0x000000079ab80000)
  to   space 55296K, 0% used [0x0000000794a00000,0x0000000794a00000,0x0000000798000000)
 ParOldGen       total 147968K, used 90569K [0x0000000700000000, 0x0000000709080000, 0x0000000780000000)
  object space 147968K, 61% used [0x0000000700000000,0x0000000705872700,0x0000000709080000)
 Metaspace       used 92242K, capacity 94988K, committed 95256K, reserved 1132544K
  class space    used 12012K, capacity 12724K, committed 12848K, reserved 1048576K
Event: 44.637 GC heap after
Heap after GC invocations=22 (full 3):
 PSYoungGen      total 393216K, used 28827K [0x0000000780000000, 0x000000079f280000, 0x00000007c0000000)
  eden space 337920K, 0% used [0x0000000780000000,0x0000000780000000,0x0000000794a00000)
  from space 55296K, 52% used [0x0000000794a00000,0x0000000796626d88,0x0000000798000000)
  to   space 54784K, 0% used [0x000000079bd00000,0x000000079bd00000,0x000000079f280000)
 ParOldGen       total 147968K, used 116185K [0x0000000700000000, 0x0000000709080000, 0x0000000780000000)
  object space 147968K, 78% used [0x0000000700000000,0x0000000707176620,0x0000000709080000)
 Metaspace       used 92242K, capacity 94988K, committed 95256K, reserved 1132544K
  class space    used 12012K, capacity 12724K, committed 12848K, reserved 1048576K
}
Event: 46.092 GC heap before
{Heap before GC invocations=23 (full 3):
 PSYoungGen      total 393216K, used 366747K [0x0000000780000000, 0x000000079f280000, 0x00000007c0000000)
  eden space 337920K, 100% used [0x0000000780000000,0x0000000794a00000,0x0000000794a00000)
  from space 55296K, 52% used [0x0000000794a00000,0x0000000796626d88,0x0000000798000000)
  to   space 54784K, 0% used [0x000000079bd00000,0x000000079bd00000,0x000000079f280000)
 ParOldGen       total 147968K, used 116185K [0x0000000700000000, 0x0000000709080000, 0x0000000780000000)
  object space 147968K, 78% used [0x0000000700000000,0x0000000707176620,0x0000000709080000)
 Metaspace       used 92366K, capacity 95116K, committed 95256K, reserved 1132544K
  class space    used 12028K, capacity 12724K, committed 12848K, reserved 1048576K
Event: 46.180 GC heap after
Heap after GC invocations=23 (full 3):
 PSYoungGen      total 445952K, used 54752K [0x0000000780000000, 0x00000007a0b00000, 0x00000007c0000000)
  eden space 391168K, 0% used [0x0000000780000000,0x0000000780000000,0x0000000797e00000)
  from space 54784K, 99% used [0x000000079bd00000,0x000000079f278008,0x000000079f280000)
  to   space 64512K, 0% used [0x0000000797e00000,0x0000000797e00000,0x000000079bd00000)
 ParOldGen       total 147968K, used 118822K [0x0000000700000000, 0x0000000709080000, 0x0000000780000000)
  object space 147968K, 80% used [0x0000000700000000,0x0000000707409af0,0x0000000709080000)
 Metaspace       used 92366K, capacity 95116K, committed 95256K, reserved 1132544K
  class space    used 12028K, capacity 12724K, committed 12848K, reserved 1048576K
}
Event: 48.485 GC heap before
{Heap before GC invocations=24 (full 3):
 PSYoungGen      total 445952K, used 445920K [0x0000000780000000, 0x00000007a0b00000, 0x00000007c0000000)
  eden space 391168K, 100% used [0x0000000780000000,0x0000000797e00000,0x0000000797e00000)
  from space 54784K, 99% used [0x000000079bd00000,0x000000079f278008,0x000000079f280000)
  to   space 64512K, 0% used [0x0000000797e00000,0x0000000797e00000,0x000000079bd00000)
 ParOldGen       total 147968K, used 118822K [0x0000000700000000, 0x0000000709080000, 0x0000000780000000)
  object space 147968K, 80% used [0x0000000700000000,0x0000000707409b18,0x0000000709080000)
 Metaspace       used 92802K, capacity 95570K, committed 95768K, reserved 1132544K
  class space    used 12039K, capacity 12725K, committed 12848K, reserved 1048576K

