# JRE version: OpenJDK Runtime Environment (8.0_152) (build 1.8.0_152-release-1343-b16-5323222)
# Java VM: OpenJDK 64-Bit Server VM (25.152-b16-5323222 mixed mode linux-amd64 compressed oops)
Heap:
 PSYoungGen      total 520704K, used 32985K [0x0000000780000000, 0x00000007a3c80000, 0x00000007c0000000)
  eden space 455168K, 0% used [0x0000000780000000,0x0000000780000000,0x000000079bc80000)
  from space 65536K, 50% used [0x000000079bc80000,0x000000079dcb6588,0x000000079fc80000)
  to   space 58880K, 0% used [0x00000007a0300000,0x00000007a0300000,0x00000007a3c80000)
 ParOldGen       total 165888K, used 124616K [0x0000000700000000, 0x000000070a200000, 0x0000000780000000)
  object space 165888K, 75% used [0x0000000700000000,0x00000007079b2150,0x000000070a200000)
 Metaspace       used 79317K, capacity 81706K, committed 82088K, reserved 1120256K
  class space    used 10546K, capacity 11157K, committed 11184K, reserved 1048576K
GC Heap History (10 events):
Event: 26.812 GC heap after
Heap after GC invocations=15 (full 3):
 PSYoungGen      total 340992K, used 38888K [0x0000000780000000, 0x0000000799280000, 0x00000007c0000000)
  eden space 302080K, 0% used [0x0000000780000000,0x0000000780000000,0x0000000792700000)
  from space 38912K, 99% used [0x0000000795500000,0x0000000797afa1b0,0x0000000797b00000)
  to   space 47104K, 0% used [0x0000000792700000,0x0000000792700000,0x0000000795500000)
 ParOldGen       total 165888K, used 54108K [0x0000000700000000, 0x000000070a200000, 0x0000000780000000)
  object space 165888K, 32% used [0x0000000700000000,0x00000007034d7370,0x000000070a200000)
 Metaspace       used 72388K, capacity 74710K, committed 75048K, reserved 1114112K
  class space    used 9890K, capacity 10475K, committed 10544K, reserved 1048576K
}
Event: 28.616 GC heap before
{Heap before GC invocations=16 (full 3):
 PSYoungGen      total 340992K, used 340968K [0x0000000780000000, 0x0000000799280000, 0x00000007c0000000)
  eden space 302080K, 100% used [0x0000000780000000,0x0000000792700000,0x0000000792700000)
  from space 38912K, 99% used [0x0000000795500000,0x0000000797afa1b0,0x0000000797b00000)
  to   space 47104K, 0% used [0x0000000792700000,0x0000000792700000,0x0000000795500000)
 ParOldGen       total 165888K, used 54108K [0x0000000700000000, 0x000000070a200000, 0x0000000780000000)
  object space 165888K, 32% used [0x0000000700000000,0x00000007034d7370,0x000000070a200000)
 Metaspace       used 72810K, capacity 75194K, committed 75304K, reserved 1114112K
  class space    used 9898K, capacity 10507K, committed 10544K, reserved 1048576K
Event: 28.698 GC heap after
Heap after GC invocations=16 (full 3):
 PSYoungGen      total 349184K, used 44811K [0x0000000780000000, 0x000000079da80000, 0x00000007c0000000)
  eden space 302080K, 0% used [0x0000000780000000,0x0000000780000000,0x0000000792700000)
  from space 47104K, 95% used [0x0000000792700000,0x00000007952c2cb0,0x0000000795500000)
  to   space 53760K, 0% used [0x000000079a600000,0x000000079a600000,0x000000079da80000)
 ParOldGen       total 165888K, used 66329K [0x0000000700000000, 0x000000070a200000, 0x0000000780000000)
  object space 165888K, 39% used [0x0000000700000000,0x00000007040c64d0,0x000000070a200000)
 Metaspace       used 72810K, capacity 75194K, committed 75304K, reserved 1114112K
  class space    used 9898K, capacity 10507K, committed 10544K, reserved 1048576K
}
Event: 31.897 GC heap before
{Heap before GC invocations=17 (full 3):
 PSYoungGen      total 349184K, used 346891K [0x0000000780000000, 0x000000079da80000, 0x00000007c0000000)
  eden space 302080K, 100% used [0x0000000780000000,0x0000000792700000,0x0000000792700000)
  from space 47104K, 95% used [0x0000000792700000,0x00000007952c2cb0,0x0000000795500000)
  to   space 53760K, 0% used [0x000000079a600000,0x000000079a600000,0x000000079da80000)
 ParOldGen       total 165888K, used 66329K [0x0000000700000000, 0x000000070a200000, 0x0000000780000000)
  object space 165888K, 39% used [0x0000000700000000,0x00000007040c64d0,0x000000070a200000)
 Metaspace       used 76348K, capacity 78666K, committed 79016K, reserved 1118208K
  class space    used 10226K, capacity 10831K, committed 10928K, reserved 1048576K
Event: 32.087 GC heap after
Heap after GC invocations=17 (full 3):
 PSYoungGen      total 412160K, used 53741K [0x0000000780000000, 0x00000007a0a00000, 0x00000007c0000000)
  eden space 358400K, 0% used [0x0000000780000000,0x0000000780000000,0x0000000795e00000)
  from space 53760K, 99% used [0x000000079a600000,0x000000079da7b660,0x000000079da80000)
  to   space 73728K, 0% used [0x0000000795e00000,0x0000000795e00000,0x000000079a600000)
 ParOldGen       total 165888K, used 97790K [0x0000000700000000, 0x000000070a200000, 0x0000000780000000)
  object space 165888K, 58% used [0x0000000700000000,0x0000000705f7fb88,0x000000070a200000)
 Metaspace       used 76348K, capacity 78666K, committed 79016K, reserved 1118208K
  class space    used 10226K, capacity 10831K, committed 10928K, reserved 1048576K
}
Event: 35.973 GC heap before
{Heap before GC invocations=18 (full 3):
 PSYoungGen      total 412160K, used 412141K [0x0000000780000000, 0x00000007a0a00000, 0x00000007c0000000)
  eden space 358400K, 100% used [0x0000000780000000,0x0000000795e00000,0x0000000795e00000)
  from space 53760K, 99% used [0x000000079a600000,0x000000079da7b660,0x000000079da80000)
  to   space 73728K, 0% used [0x0000000795e00000,0x0000000795e00000,0x000000079a600000)
 ParOldGen       total 165888K, used 97790K [0x0000000700000000, 0x000000070a200000, 0x0000000780000000)
  object space 165888K, 58% used [0x0000000700000000,0x0000000705f7fb88,0x000000070a200000)
 Metaspace       used 76665K, capacity 78986K, committed 79272K, reserved 1118208K
  class space    used 10226K, capacity 10831K, committed 10928K, reserved 1048576K
Event: 36.113 GC heap after
Heap after GC invocations=18 (full 3):
 PSYoungGen      total 432128K, used 28182K [0x0000000780000000, 0x00000007a4680000, 0x00000007c0000000)
  eden space 358400K, 0% used [0x0000000780000000,0x0000000780000000,0x0000000795e00000)
  from space 73728K, 38% used [0x0000000795e00000,0x0000000797985b20,0x000000079a600000)
  to   space 69120K, 0% used [0x00000007a0300000,0x00000007a0300000,0x00000007a4680000)
 ParOldGen       total 165888K, used 124523K [0x0000000700000000, 0x000000070a200000, 0x0000000780000000)
  object space 165888K, 75% used [0x0000000700000000,0x000000070799aee8,0x000000070a200000)
 Metaspace       used 76665K, capacity 78986K, committed 79272K, reserved 1118208K
  class space    used 10226K, capacity 10831K, committed 10928K, reserved 1048576K
}
Event: 38.537 GC heap before
{Heap before GC invocations=19 (full 3):
 PSYoungGen      total 432128K, used 386582K [0x0000000780000000, 0x00000007a4680000, 0x00000007c0000000)
  eden space 358400K, 100% used [0x0000000780000000,0x0000000795e00000,0x0000000795e00000)
  from space 73728K, 38% used [0x0000000795e00000,0x0000000797985b20,0x000000079a600000)
  to   space 69120K, 0% used [0x00000007a0300000,0x00000007a0300000,0x00000007a4680000)
 ParOldGen       total 165888K, used 124534K [0x0000000700000000, 0x000000070a200000, 0x0000000780000000)
  object space 165888K, 75% used [0x0000000700000000,0x000000070799d908,0x000000070a200000)
 Metaspace       used 76677K, capacity 78986K, committed 79272K, reserved 1118208K
  class space    used 10226K, capacity 10831K, committed 10928K, reserved 1048576K
Event: 38.605 GC heap after
Heap after GC invocations=19 (full 3):
 PSYoungGen      total 514048K, used 28185K [0x0000000780000000, 0x00000007a3c80000, 0x00000007c0000000)
  eden space 455168K, 0% used [0x0000000780000000,0x0000000780000000,0x000000079bc80000)
  from space 58880K, 47% used [0x00000007a0300000,0x00000007a1e86500,0x00000007a3c80000)
  to   space 65536K, 0% used [0x000000079bc80000,0x000000079bc80000,0x000000079fc80000)
 ParOldGen       total 165888K, used 124542K [0x0000000700000000, 0x000000070a200000, 0x0000000780000000)
  object space 165888K, 75% used [0x0000000700000000,0x000000070799f908,0x000000070a200000)
 Metaspace       used 76677K, capacity 78986K, committed 79272K, reserved 1118208K
  class space    used 10226K, capacity 10831K, committed 10928K, reserved 1048576K
}
Event: 42.194 GC heap before
{Heap before GC invocations=20 (full 3):
 PSYoungGen      total 514048K, used 483353K [0x0000000780000000, 0x00000007a3c80000, 0x00000007c0000000)
  eden space 455168K, 100% used [0x0000000780000000,0x000000079bc80000,0x000000079bc80000)
  from space 58880K, 47% used [0x00000007a0300000,0x00000007a1e86500,0x00000007a3c80000)
  to   space 65536K, 0% used [0x000000079bc80000,0x000000079bc80000,0x000000079fc80000)
 ParOldGen       total 165888K, used 124608K [0x0000000700000000, 0x000000070a200000, 0x0000000780000000)
  object space 165888K, 75% used [0x0000000700000000,0x00000007079b0150,0x000000070a200000)
 Metaspace       used 79317K, capacity 81706K, committed 82088K, reserved 1120256K
  class space    used 10546K, capacity 11157K, committed 11184K, reserved 1048576K

